#
# A fatal error has been detected by the Java Runtime Environment:
#
#  EXCEPTION_ACCESS_VIOLATION (0xc0000005) at pc=0x000000001000c532, pid=16044, tid=0x000000000000256c
#
# JRE version: Java(TM) SE Runtime Environment (8.0_261-b12) (build 1.8.0_261-b12)
# Java VM: Java HotSpot(TM) 64-Bit Server VM (25.261-b12 mixed mode windows-amd64 compressed oops)
# Problematic frame:
# C  [javaxt-core64.dll+0xc532]
#
# Failed to write core dump. Minidumps are not enabled by default on client versions of Windows
#
# If you would like to submit a bug report, please visit:
#   http://bugreport.java.com/bugreport/crash.jsp
# The crash happened outside the Java Virtual Machine in native code.
# See problematic frame for where to report the bug.
#

---------------  T H R E A D  ---------------

Current thread (0x0000021d86bd8000):  JavaThread "Thread-12" daemon [_thread_in_native, id=9580, stack(0x000000b526a00000,0x000000b526b00000)]

siginfo: ExceptionCode=0xc0000005, reading address 0x0000000000000000

Registers:
RAX=0x0000000000000000, RBX=0x0000021d88810cf1, RCX=0x0000021d88810000, RDX=0x0000021d88810000
RSP=0x000000b526afeac0, RBP=0x0000000000000011, RSI=0x0000021d88810be2, RDI=0x000000b526afeb98
R8 =0x0000021d88820f00, R9 =0x0000000000000001, R10=0x000000000000001b, R11=0x000000b526afea20
R12=0x000000b526afeb90, R13=0x0000000000000006, R14=0x0000000000000000, R15=0x00000000100224fc
RIP=0x000000001000c532, EFLAGS=0x0000000000010206

Top of Stack: (sp=0x000000b526afeac0)
0x000000b526afeac0:   000000b526afeb90 0000000010022918
0x000000b526afead0:   0000021d88810cf1 0000021d88810be2
0x000000b526afeae0:   00007fff00000013 000000b526afeb48
0x000000b526afeaf0:   0000000000000000 0000000000000000
0x000000b526afeb00:   0000021d00000001 0000000002000000
0x000000b526afeb10:   0000021d88810cf1 0000000000000018
0x000000b526afeb20:   000000000000001f 0000000000000000
0x000000b526afeb30:   0000021d888191c2 0000000000000018
0x000000b526afeb40:   000000000000001f 000000000000002e
0x000000b526afeb50:   0000000000000000 0000021d88818eb2
0x000000b526afeb60:   0000000000000011 000000000000001f
0x000000b526afeb70:   000000005fa957ff 0000000000000000
0x000000b526afeb80:   000000001002c068 0000000000000000
0x000000b526afeb90:   000000001002c060 00000000100225b0
0x000000b526afeba0:   0000021d88868280 0000021d88868280
0x000000b526afebb0:   000000b526afeba0 000000b526afeba8 

Instructions: (pc=0x000000001000c532)
0x000000001000c512:   41 ff 84 c0 74 0a 3c ff 74 06 80 41 ff ff eb 09
0x000000001000c522:   48 83 c1 fe e8 b5 06 00 00 48 8b 05 8e 11 02 00
0x000000001000c532:   8b 08 85 c9 74 0c 48 01 0d 81 11 02 00 48 8b c1
0x000000001000c542:   eb 07 4c 89 35 75 11 02 00 48 8b 8c 24 98 00 00 


Register to memory mapping:

RAX=0x0000000000000000 is an unknown value
RBX=0x0000021d88810cf1 is an unknown value
RCX=0x0000021d88810000 is an unknown value
RDX=0x0000021d88810000 is an unknown value
RSP=0x000000b526afeac0 is pointing into the stack for thread: 0x0000021d86bd8000
RBP=0x0000000000000011 is an unknown value
RSI=0x0000021d88810be2 is an unknown value
RDI=0x000000b526afeb98 is pointing into the stack for thread: 0x0000021d86bd8000
R8 =0x0000021d88820f00 is an unknown value
R9 =0x0000000000000001 is an unknown value
R10=0x000000000000001b is an unknown value
R11=0x000000b526afea20 is pointing into the stack for thread: 0x0000021d86bd8000
R12=0x000000b526afeb90 is pointing into the stack for thread: 0x0000021d86bd8000
R13=0x0000000000000006 is an unknown value
R14=0x0000000000000000 is an unknown value
R15=0x00000000100224fc is an unknown value


Stack: [0x000000b526a00000,0x000000b526b00000],  sp=0x000000b526afeac0,  free space=1018k
Native frames: (J=compiled Java code, j=interpreted, Vv=VM code, C=native code)
C  [javaxt-core64.dll+0xc532]
C  0x0000021dec679f4e

Java frames: (J=compiled Java code, j=interpreted, Vv=VM code)
j  javaxt.io.FileSystemWatcherNative.ReadDirectoryChangesW()Ljava/lang/String;+0
j  javaxt.io.FileSystemWatcher.run()V+86
j  java.lang.Thread.run()V+11
v  ~StubRoutines::call_stub

---------------  P R O C E S S  ---------------

Java Threads: ( => current thread )
=>0x0000021d86bd8000 JavaThread "Thread-12" daemon [_thread_in_native, id=9580, stack(0x000000b526a00000,0x000000b526b00000)]
  0x0000021d86bd4000 JavaThread "Thread-11" daemon [_thread_in_native, id=2128, stack(0x000000b526900000,0x000000b526a00000)]
  0x0000021d86bd2800 JavaThread "DestroyJavaVM" [_thread_blocked, id=768, stack(0x000000b524e00000,0x000000b524f00000)]
  0x0000021d86bd9800 JavaThread "http-nio-8081-Acceptor" daemon [_thread_in_native, id=10484, stack(0x000000b528300000,0x000000b528400000)]
  0x0000021d86bd3800 JavaThread "http-nio-8081-ClientPoller" daemon [_thread_in_native, id=5936, stack(0x000000b528200000,0x000000b528300000)]
  0x0000021d86bd5800 JavaThread "http-nio-8081-exec-10" daemon [_thread_blocked, id=14896, stack(0x000000b528100000,0x000000b528200000)]
  0x0000021d86bd7000 JavaThread "http-nio-8081-exec-9" daemon [_thread_blocked, id=7928, stack(0x000000b528000000,0x000000b528100000)]
  0x0000021d86bcb000 JavaThread "http-nio-8081-exec-8" daemon [_thread_blocked, id=8852, stack(0x000000b527f00000,0x000000b528000000)]
  0x0000021d86bd2000 JavaThread "http-nio-8081-exec-7" daemon [_thread_blocked, id=2764, stack(0x000000b527e00000,0x000000b527f00000)]
  0x0000021d86bca800 JavaThread "http-nio-8081-exec-6" daemon [_thread_blocked, id=14916, stack(0x000000b527d00000,0x000000b527e00000)]
  0x0000021d86bcd800 JavaThread "http-nio-8081-exec-5" daemon [_thread_blocked, id=4348, stack(0x000000b527c00000,0x000000b527d00000)]
  0x0000021d86bcf800 JavaThread "http-nio-8081-exec-4" daemon [_thread_in_Java, id=15300, stack(0x000000b527b00000,0x000000b527c00000)]
  0x0000021d86bce000 JavaThread "http-nio-8081-exec-3" daemon [_thread_blocked, id=2856, stack(0x000000b527a00000,0x000000b527b00000)]
  0x0000021d86bd1000 JavaThread "http-nio-8081-exec-2" daemon [_thread_blocked, id=10668, stack(0x000000b527900000,0x000000b527a00000)]
  0x0000021d86bcc800 JavaThread "http-nio-8081-exec-1" daemon [_thread_blocked, id=9104, stack(0x000000b527800000,0x000000b527900000)]
  0x0000021d86bcc000 JavaThread "http-nio-8081-BlockPoller" daemon [_thread_in_native, id=11480, stack(0x000000b527700000,0x000000b527800000)]
  0x0000021d86bd0800 JavaThread "File Watcher" daemon [_thread_blocked, id=2932, stack(0x000000b527600000,0x000000b527700000)]
  0x0000021d86bcf000 JavaThread "Live Reload Server" daemon [_thread_in_native, id=1636, stack(0x000000b527500000,0x000000b527600000)]
  0x0000021d84b16800 JavaThread "container-0" [_thread_blocked, id=15692, stack(0x000000b527300000,0x000000b527400000)]
  0x0000021d84b19800 JavaThread "Catalina-utility-2" [_thread_blocked, id=11904, stack(0x000000b527200000,0x000000b527300000)]
  0x0000021d84b19000 JavaThread "Catalina-utility-1" [_thread_blocked, id=7344, stack(0x000000b527100000,0x000000b527200000)]
  0x0000021d84b1d800 JavaThread "HikariPool-1 housekeeper" daemon [_thread_blocked, id=712, stack(0x000000b527000000,0x000000b527100000)]
  0x0000021d84b18000 JavaThread "MVStore background writer nio:C:/Users/sivan/test.mv.db" daemon [_thread_blocked, id=11632, stack(0x000000b526f00000,0x000000b527000000)]
  0x0000021d84b1c800 JavaThread "H2 TCP Server (tcp://192.168.43.177:62538)" daemon [_thread_in_native, id=15844, stack(0x000000b526e00000,0x000000b526f00000)]
  0x0000021d84b1c000 JavaThread "H2 File Lock Watchdog C:/Users/sivan/test.lock.db" daemon [_thread_blocked, id=2116, stack(0x000000b526d00000,0x000000b526e00000)]
  0x0000021d84b17800 JavaThread "mysql-cj-abandoned-connection-cleanup" daemon [_thread_blocked, id=8824, stack(0x000000b526b00000,0x000000b526c00000)]
  0x0000021d83984000 JavaThread "JMX server connection timeout 18" daemon [_thread_blocked, id=708, stack(0x000000b526800000,0x000000b526900000)]
  0x0000021d83944000 JavaThread "RMI TCP Connection(idle)" daemon [_thread_blocked, id=10888, stack(0x000000b526700000,0x000000b526800000)]
  0x0000021d83945000 JavaThread "RMI Scheduler(0)" daemon [_thread_blocked, id=5780, stack(0x000000b526600000,0x000000b526700000)]
  0x0000021d83764000 JavaThread "RMI TCP Accept-0" daemon [_thread_in_native, id=10428, stack(0x000000b526300000,0x000000b526400000)]
  0x0000021d8375a800 JavaThread "RMI TCP Accept-62532" daemon [_thread_in_native, id=13736, stack(0x000000b526200000,0x000000b526300000)]
  0x0000021d83751000 JavaThread "RMI TCP Accept-0" daemon [_thread_in_native, id=7188, stack(0x000000b526100000,0x000000b526200000)]
  0x0000021d82cf0800 JavaThread "Service Thread" daemon [_thread_blocked, id=9228, stack(0x000000b526000000,0x000000b526100000)]
  0x0000021d80e82000 JavaThread "C1 CompilerThread3" daemon [_thread_blocked, id=15424, stack(0x000000b525f00000,0x000000b526000000)]
  0x0000021d80e7f000 JavaThread "C2 CompilerThread2" daemon [_thread_blocked, id=14636, stack(0x000000b525e00000,0x000000b525f00000)]
  0x0000021d80e76800 JavaThread "C2 CompilerThread1" daemon [_thread_blocked, id=14632, stack(0x000000b525d00000,0x000000b525e00000)]
  0x0000021d80e72000 JavaThread "C2 CompilerThread0" daemon [_thread_blocked, id=672, stack(0x000000b525c00000,0x000000b525d00000)]
  0x0000021d80e70800 JavaThread "Attach Listener" daemon [_thread_blocked, id=4336, stack(0x000000b525b00000,0x000000b525c00000)]
  0x0000021d80e6f800 JavaThread "Signal Dispatcher" daemon [_thread_blocked, id=14420, stack(0x000000b525a00000,0x000000b525b00000)]
  0x0000021d80e4f000 JavaThread "Finalizer" daemon [_thread_blocked, id=7180, stack(0x000000b525900000,0x000000b525a00000)]
  0x0000021d80e27800 JavaThread "Reference Handler" daemon [_thread_blocked, id=6444, stack(0x000000b525800000,0x000000b525900000)]

Other Threads:
  0x0000021d80e1f800 VMThread [stack: 0x000000b525700000,0x000000b525800000] [id=5100]
  0x0000021d83767800 WatcherThread [stack: 0x000000b526400000,0x000000b526500000] [id=4052]

VM state:not at safepoint (normal execution)

VM Mutex/Monitor currently owned by a thread: None

heap address: 0x0000000082a00000, size: 2006 MB, Compressed Oops mode: 32-bit
Narrow klass base: 0x0000000000000000, Narrow klass shift: 3
Compressed class space size: 1073741824 Address: 0x0000000100000000

Heap:
 PSYoungGen      total 319488K, used 100103K [0x00000000d6380000, 0x00000000eb080000, 0x0000000100000000)
  eden space 300032K, 33% used [0x00000000d6380000,0x00000000dc541d50,0x00000000e8880000)
  from space 19456K, 0% used [0x00000000e9d00000,0x00000000e9d00000,0x00000000eb000000)
  to   space 20480K, 0% used [0x00000000e8880000,0x00000000e8880000,0x00000000e9c80000)
 ParOldGen       total 97792K, used 26472K [0x0000000082a00000, 0x0000000088980000, 0x00000000d6380000)
  object space 97792K, 27% used [0x0000000082a00000,0x00000000843da348,0x0000000088980000)
 Metaspace       used 61265K, capacity 64352K, committed 64600K, reserved 1105920K
  class space    used 8017K, capacity 8534K, committed 8576K, reserved 1048576K

Card table byte_map: [0x0000021dfba20000,0x0000021dfbe10000] byte_map_base: 0x0000021dfb60b000

Marking Bits: (ParMarkBitMap*) 0x000000005ae54fb0
 Begin Bits: [0x0000021dfc0b0000, 0x0000021dfe008000)
 End Bits:   [0x0000021dfe008000, 0x0000021dfff60000)

Polling page: 0x0000021dec630000

CodeCache: size=245760Kb used=11197Kb max_used=11197Kb free=234562Kb
 bounds [0x0000021dec660000, 0x0000021ded160000, 0x0000021dfb660000]
 total_blobs=6284 nmethods=5668 adapters=527
 compilation: enabled

Compilation events (10 events):
Event: 106.868 Thread 0x0000021d80e82000 5797       1       java.util.concurrent.locks.LockSupport::unpark (12 bytes)
Event: 106.869 Thread 0x0000021d80e82000 nmethod 5797 0x0000021ded148590 code [0x0000021ded1486e0, 0x0000021ded148810]
Event: 107.876 Thread 0x0000021d80e82000 5798       1       java.util.concurrent.locks.AbstractQueuedSynchronizer::unparkSuccessor (84 bytes)
Event: 107.876 Thread 0x0000021d80e82000 nmethod 5798 0x0000021ded148890 code [0x0000021ded148a00, 0x0000021ded148bf0]
Event: 114.867 Thread 0x0000021d80e82000 5800       1       java.util.concurrent.locks.AbstractQueuedSynchronizer$ConditionObject::addConditionWaiter (64 bytes)
Event: 114.867 Thread 0x0000021d80e82000 nmethod 5800 0x0000021ded149110 code [0x0000021ded149280, 0x0000021ded1494f0]
Event: 114.867 Thread 0x0000021d80e82000 5801       1       java.util.concurrent.locks.AbstractQueuedSynchronizer$Node::<init> (15 bytes)
Event: 114.867 Thread 0x0000021d80e82000 nmethod 5801 0x0000021ded1495d0 code [0x0000021ded149720, 0x0000021ded149858]
Event: 114.867 Thread 0x0000021d80e82000 5802   !   1       java.util.concurrent.locks.AbstractQueuedSynchronizer::fullyRelease (54 bytes)
Event: 114.868 Thread 0x0000021d80e82000 nmethod 5802 0x0000021ded1498d0 code [0x0000021ded149a60, 0x0000021ded149d30]

GC Heap History (10 events):
Event: 6.536 GC heap before
{Heap before GC invocations=9 (full 1):
 PSYoungGen      total 141312K, used 113909K [0x00000000d6380000, 0x00000000e5380000, 0x0000000100000000)
  eden space 130560K, 79% used [0x00000000d6380000,0x00000000dc89ef58,0x00000000de300000)
  from space 10752K, 96% used [0x00000000de300000,0x00000000ded1e540,0x00000000ded80000)
  to   space 12288K, 0% used [0x00000000e4780000,0x00000000e4780000,0x00000000e5380000)
 ParOldGen       total 53760K, used 8391K [0x0000000082a00000, 0x0000000085e80000, 0x00000000d6380000)
  object space 53760K, 15% used [0x0000000082a00000,0x0000000083231df0,0x0000000085e80000)
 Metaspace       used 33454K, capacity 35340K, committed 35456K, reserved 1079296K
  class space    used 4352K, capacity 4736K, committed 4736K, reserved 1048576K
Event: 6.544 GC heap after
Heap after GC invocations=9 (full 1):
 PSYoungGen      total 225792K, used 12090K [0x00000000d6380000, 0x00000000e5380000, 0x0000000100000000)
  eden space 213504K, 0% used [0x00000000d6380000,0x00000000d6380000,0x00000000e3400000)
  from space 12288K, 98% used [0x00000000e4780000,0x00000000e534e9b0,0x00000000e5380000)
  to   space 13824K, 0% used [0x00000000e3880000,0x00000000e3880000,0x00000000e4600000)
 ParOldGen       total 53760K, used 8463K [0x0000000082a00000, 0x0000000085e80000, 0x00000000d6380000)
  object space 53760K, 15% used [0x0000000082a00000,0x0000000083243e00,0x0000000085e80000)
 Metaspace       used 33454K, capacity 35340K, committed 35456K, reserved 1079296K
  class space    used 4352K, capacity 4736K, committed 4736K, reserved 1048576K
}
Event: 6.545 GC heap before
{Heap before GC invocations=10 (full 2):
 PSYoungGen      total 225792K, used 12090K [0x00000000d6380000, 0x00000000e5380000, 0x0000000100000000)
  eden space 213504K, 0% used [0x00000000d6380000,0x00000000d6380000,0x00000000e3400000)
  from space 12288K, 98% used [0x00000000e4780000,0x00000000e534e9b0,0x00000000e5380000)
  to   space 13824K, 0% used [0x00000000e3880000,0x00000000e3880000,0x00000000e4600000)
 ParOldGen       total 53760K, used 8463K [0x0000000082a00000, 0x0000000085e80000, 0x00000000d6380000)
  object space 53760K, 15% used [0x0000000082a00000,0x0000000083243e00,0x0000000085e80000)
 Metaspace       used 33454K, capacity 35340K, committed 35456K, reserved 1079296K
  class space    used 4352K, capacity 4736K, committed 4736K, reserved 1048576K
Event: 6.577 GC heap after
Heap after GC invocations=10 (full 2):
 PSYoungGen      total 225792K, used 0K [0x00000000d6380000, 0x00000000e5380000, 0x0000000100000000)
  eden space 213504K, 0% used [0x00000000d6380000,0x00000000d6380000,0x00000000e3400000)
  from space 12288K, 0% used [0x00000000e4780000,0x00000000e4780000,0x00000000e5380000)
  to   space 13824K, 0% used [0x00000000e3880000,0x00000000e3880000,0x00000000e4600000)
 ParOldGen       total 74752K, used 17926K [0x0000000082a00000, 0x0000000087300000, 0x00000000d6380000)
  object space 74752K, 23% used [0x0000000082a00000,0x0000000083b81bc0,0x0000000087300000)
 Metaspace       used 33454K, capacity 35340K, committed 35456K, reserved 1079296K
  class space    used 4352K, capacity 4736K, committed 4736K, reserved 1048576K
}
Event: 8.036 GC heap before
{Heap before GC invocations=11 (full 2):
 PSYoungGen      total 225792K, used 213504K [0x00000000d6380000, 0x00000000e5380000, 0x0000000100000000)
  eden space 213504K, 100% used [0x00000000d6380000,0x00000000e3400000,0x00000000e3400000)
  from space 12288K, 0% used [0x00000000e4780000,0x00000000e4780000,0x00000000e5380000)
  to   space 13824K, 0% used [0x00000000e3880000,0x00000000e3880000,0x00000000e4600000)
 ParOldGen       total 74752K, used 17926K [0x0000000082a00000, 0x0000000087300000, 0x00000000d6380000)
  object space 74752K, 23% used [0x0000000082a00000,0x0000000083b81bc0,0x0000000087300000)
 Metaspace       used 51633K, capacity 54600K, committed 54784K, reserved 1095680K
  class space    used 7088K, capacity 7605K, committed 7680K, reserved 1048576K
Event: 8.055 GC heap after
Heap after GC invocations=11 (full 2):
 PSYoungGen      total 231936K, used 13807K [0x00000000d6380000, 0x00000000eb000000, 0x0000000100000000)
  eden space 218112K, 0% used [0x00000000d6380000,0x00000000d6380000,0x00000000e3880000)
  from space 13824K, 99% used [0x00000000e3880000,0x00000000e45fbfc0,0x00000000e4600000)
  to   space 19456K, 0% used [0x00000000e9d00000,0x00000000e9d00000,0x00000000eb000000)
 ParOldGen       total 74752K, used 27440K [0x0000000082a00000, 0x0000000087300000, 0x00000000d6380000)
  object space 74752K, 36% used [0x0000000082a00000,0x00000000844cc0e0,0x0000000087300000)
 Metaspace       used 51633K, capacity 54600K, committed 54784K, reserved 1095680K
  class space    used 7088K, capacity 7605K, committed 7680K, reserved 1048576K
}
Event: 22.616 GC heap before
{Heap before GC invocations=12 (full 2):
 PSYoungGen      total 231936K, used 76244K [0x00000000d6380000, 0x00000000eb000000, 0x0000000100000000)
  eden space 218112K, 28% used [0x00000000d6380000,0x00000000da079330,0x00000000e3880000)
  from space 13824K, 99% used [0x00000000e3880000,0x00000000e45fbfc0,0x00000000e4600000)
  to   space 19456K, 0% used [0x00000000e9d00000,0x00000000e9d00000,0x00000000eb000000)
 ParOldGen       total 74752K, used 27440K [0x0000000082a00000, 0x0000000087300000, 0x00000000d6380000)
  object space 74752K, 36% used [0x0000000082a00000,0x00000000844cc0e0,0x0000000087300000)
 Metaspace       used 55938K, capacity 58976K, committed 59096K, reserved 1099776K
  class space    used 7587K, capacity 8111K, committed 8192K, reserved 1048576K
Event: 22.631 GC heap after
Heap after GC invocations=12 (full 2):
 PSYoungGen      total 319488K, used 14362K [0x00000000d6380000, 0x00000000eb080000, 0x0000000100000000)
  eden space 300032K, 0% used [0x00000000d6380000,0x00000000d6380000,0x00000000e8880000)
  from space 19456K, 73% used [0x00000000e9d00000,0x00000000eab06940,0x00000000eb000000)
  to   space 20480K, 0% used [0x00000000e8880000,0x00000000e8880000,0x00000000e9c80000)
 ParOldGen       total 74752K, used 27448K [0x0000000082a00000, 0x0000000087300000, 0x00000000d6380000)
  object space 74752K, 36% used [0x0000000082a00000,0x00000000844ce0e0,0x0000000087300000)
 Metaspace       used 55938K, capacity 58976K, committed 59096K, reserved 1099776K
  class space    used 7587K, capacity 8111K, committed 8192K, reserved 1048576K
}
Event: 22.631 GC heap before
{Heap before GC invocations=13 (full 3):
 PSYoungGen      total 319488K, used 14362K [0x00000000d6380000, 0x00000000eb080000, 0x0000000100000000)
  eden space 300032K, 0% used [0x00000000d6380000,0x00000000d6380000,0x00000000e8880000)
  from space 19456K, 73% used [0x00000000e9d00000,0x00000000eab06940,0x00000000eb000000)
  to   space 20480K, 0% used [0x00000000e8880000,0x00000000e8880000,0x00000000e9c80000)
 ParOldGen       total 74752K, used 27448K [0x0000000082a00000, 0x0000000087300000, 0x00000000d6380000)
  object space 74752K, 36% used [0x0000000082a00000,0x00000000844ce0e0,0x0000000087300000)
 Metaspace       used 55938K, capacity 58976K, committed 59096K, reserved 1099776K
  class space    used 7587K, capacity 8111K, committed 8192K, reserved 1048576K
Event: 22.752 GC heap after
Heap after GC invocations=13 (full 3):
 PSYoungGen      total 319488K, used 0K [0x00000000d6380000, 0x00000000eb080000, 0x0000000100000000)
  eden space 300032K, 0% used [0x00000000d6380000,0x00000000d6380000,0x00000000e8880000)
  from space 19456K, 0% used [0x00000000e9d00000,0x00000000e9d00000,0x00000000eb000000)
  to   space 20480K, 0% used [0x00000000e8880000,0x00000000e8880000,0x00000000e9c80000)
 ParOldGen       total 97792K, used 26472K [0x0000000082a00000, 0x0000000088980000, 0x00000000d6380000)
  object space 97792K, 27% used [0x0000000082a00000,0x00000000843da348,0x0000000088980000)
 Metaspace       used 55938K, capacity 58976K, committed 59096K, reserved 1099776K
  class space    used 7587K, capacity 8111K, committed 8192K, reserved 1048576K
}

Deoptimization events (0 events):
No events

Classes redefined (0 events):
No events

Internal exceptions (10 events):
Event: 22.575 Thread 0x0000021d86bd1000 Exception <a 'java/lang/ClassNotFoundException': org/apache/taglibs/standard/tag/common/core/ForEachSupportBeanInfo> (0x00000000d9963728) thrown at [C:\jenkins\workspace\8-2-build-windows-amd64-cygwin\jdk8u261\295\hotspot\src\share\vm\classfile\systemDict
Event: 22.576 Thread 0x0000021d86bd1000 Exception <a 'java/lang/ClassNotFoundException': javax/servlet/jsp/jstl/core/LoopTagSupportBeanInfo> (0x00000000d997e2a0) thrown at [C:\jenkins\workspace\8-2-build-windows-amd64-cygwin\jdk8u261\295\hotspot\src\share\vm\classfile\systemDictionary.cpp, line
Event: 22.577 Thread 0x0000021d86bd1000 Exception <a 'java/lang/ClassNotFoundException': javax/servlet/jsp/jstl/core/LoopTagSupportCustomizer> (0x00000000d9999f78) thrown at [C:\jenkins\workspace\8-2-build-windows-amd64-cygwin\jdk8u261\295\hotspot\src\share\vm\classfile\systemDictionary.cpp, li
Event: 22.578 Thread 0x0000021d86bd1000 Exception <a 'java/lang/ClassNotFoundException': org/apache/taglibs/standard/tag/common/core/ForEachSupportCustomizer> (0x00000000d99cee60) thrown at [C:\jenkins\workspace\8-2-build-windows-amd64-cygwin\jdk8u261\295\hotspot\src\share\vm\classfile\systemDi
Event: 22.579 Thread 0x0000021d86bd1000 Exception <a 'java/lang/ClassNotFoundException': org/apache/taglibs/standard/tag/rt/core/ForEachTagCustomizer> (0x00000000d99f1980) thrown at [C:\jenkins\workspace\8-2-build-windows-amd64-cygwin\jdk8u261\295\hotspot\src\share\vm\classfile\systemDictionary
Event: 22.582 Thread 0x0000021d86bd1000 Exception <a 'java/lang/ClassNotFoundException': org/apache/taglibs/standard/tag/common/core/RemoveTagBeanInfo> (0x00000000d9a876d0) thrown at [C:\jenkins\workspace\8-2-build-windows-amd64-cygwin\jdk8u261\295\hotspot\src\share\vm\classfile\systemDictionar
Event: 22.582 Thread 0x0000021d86bd1000 Exception <a 'java/lang/ClassNotFoundException': org/apache/taglibs/standard/tag/common/core/RemoveTagCustomizer> (0x00000000d9aa6488) thrown at [C:\jenkins\workspace\8-2-build-windows-amd64-cygwin\jdk8u261\295\hotspot\src\share\vm\classfile\systemDiction
Event: 22.755 Thread 0x0000021d80e4f000 Exception <a 'java/lang/NullPointerException'> (0x00000000d65b1430) thrown at [C:\jenkins\workspace\8-2-build-windows-amd64-cygwin\jdk8u261\295\hotspot\src\share\vm\interpreter\linkResolver.cpp, line 1185]
Event: 22.755 Thread 0x0000021d80e4f000 Exception <a 'java/lang/NullPointerException'> (0x00000000d65b1638) thrown at [C:\jenkins\workspace\8-2-build-windows-amd64-cygwin\jdk8u261\295\hotspot\src\share\vm\interpreter\linkResolver.cpp, line 1185]
Event: 22.918 Thread 0x0000021d86bd1000 Exception <a 'java/lang/ArrayIndexOutOfBoundsException': 73585> (0x00000000d768d840) thrown at [C:\jenkins\workspace\8-2-build-windows-amd64-cygwin\jdk8u261\295\hotspot\src\share\vm\interpreter\interpreterRuntime.cpp, line 368]

Events (10 events):
Event: 60.181 Executing VM operation: RevokeBias done
Event: 65.003 loading class org/h2/util/ScriptReader
Event: 65.003 loading class org/h2/util/ScriptReader done
Event: 65.004 loading class org/h2/result/UpdatableRow
Event: 65.004 loading class org/h2/result/UpdatableRow done
Event: 65.005 loading class org/h2/expression/function/TableFunction
Event: 65.005 loading class org/h2/expression/function/TableFunction done
Event: 65.005 Executing VM operation: Deoptimize
Event: 65.006 Executing VM operation: Deoptimize done
Event: 90.540 Thread 0x0000021d838a0000 Thread exited: 0x0000021d838a0000


Dynamic libraries:
0x00007ff733e60000 - 0x00007ff733ea7000 	C:\Program Files\Java\jre1.8.0_261\bin\javaw.exe
0x00007fff04ef0000 - 0x00007fff050e6000 	C:\WINDOWS\SYSTEM32\ntdll.dll
0x00007fff02f50000 - 0x00007fff0300d000 	C:\WINDOWS\System32\KERNEL32.DLL
0x00007fff02910000 - 0x00007fff02bd8000 	C:\WINDOWS\System32\KERNELBASE.dll
0x00007fff03330000 - 0x00007fff033dc000 	C:\WINDOWS\System32\ADVAPI32.dll
0x00007fff039e0000 - 0x00007fff03a7e000 	C:\WINDOWS\System32\msvcrt.dll
0x00007fff04090000 - 0x00007fff0412b000 	C:\WINDOWS\System32\sechost.dll
0x00007fff04910000 - 0x00007fff04a33000 	C:\WINDOWS\System32\RPCRT4.dll
0x00007fff03010000 - 0x00007fff031b0000 	C:\WINDOWS\System32\USER32.dll
0x00007fff02720000 - 0x00007fff02742000 	C:\WINDOWS\System32\win32u.dll
0x00007fff03820000 - 0x00007fff0384a000 	C:\WINDOWS\System32\GDI32.dll
0x00007fff02800000 - 0x00007fff02909000 	C:\WINDOWS\System32\gdi32full.dll
0x00007fff02630000 - 0x00007fff026cd000 	C:\WINDOWS\System32\msvcp_win.dll
0x00007fff02be0000 - 0x00007fff02ce0000 	C:\WINDOWS\System32\ucrtbase.dll
0x00007ffef2260000 - 0x00007ffef24fb000 	C:\WINDOWS\WinSxS\amd64_microsoft.windows.common-controls_6595b64144ccf1df_6.0.19041.488_none_ca04af081b815d21\COMCTL32.dll
0x00007fff03a80000 - 0x00007fff03ab0000 	C:\WINDOWS\System32\IMM32.DLL
0x00007ffefa160000 - 0x00007ffefa175000 	C:\Program Files\Java\jre1.8.0_261\bin\vcruntime140.dll
0x00007ffef7b00000 - 0x00007ffef7b9b000 	C:\Program Files\Java\jre1.8.0_261\bin\msvcp140.dll
0x000000005a660000 - 0x000000005aecc000 	C:\Program Files\Java\jre1.8.0_261\bin\server\jvm.dll
0x00007fff04130000 - 0x00007fff04138000 	C:\WINDOWS\System32\PSAPI.DLL
0x00007ffefa390000 - 0x00007ffefa39a000 	C:\WINDOWS\SYSTEM32\VERSION.dll
0x00007ffef9e20000 - 0x00007ffef9e29000 	C:\WINDOWS\SYSTEM32\WSOCK32.dll
0x00007ffeee0d0000 - 0x00007ffeee0f7000 	C:\WINDOWS\SYSTEM32\WINMM.dll
0x00007fff03970000 - 0x00007fff039db000 	C:\WINDOWS\System32\WS2_32.dll
0x00007fff01060000 - 0x00007fff01072000 	C:\WINDOWS\SYSTEM32\kernel.appcore.dll
0x00007ffeebfd0000 - 0x00007ffeebfe0000 	C:\Program Files\Java\jre1.8.0_261\bin\verify.dll
0x00007ffecb670000 - 0x00007ffecb69b000 	C:\Program Files\Java\jre1.8.0_261\bin\java.dll
0x00007ffecb650000 - 0x00007ffecb668000 	C:\Program Files\Java\jre1.8.0_261\bin\zip.dll
0x00007fff041c0000 - 0x00007fff04901000 	C:\WINDOWS\System32\SHELL32.dll
0x00007ffefd6f0000 - 0x00007ffefde85000 	C:\WINDOWS\SYSTEM32\windows.storage.dll
0x00007fff03bd0000 - 0x00007fff03f25000 	C:\WINDOWS\System32\combase.dll
0x00007fff02030000 - 0x00007fff0205c000 	C:\WINDOWS\SYSTEM32\Wldp.dll
0x00007fff031b0000 - 0x00007fff0325e000 	C:\WINDOWS\System32\SHCORE.dll
0x00007fff03f30000 - 0x00007fff03f85000 	C:\WINDOWS\System32\shlwapi.dll
0x00007fff02560000 - 0x00007fff02586000 	C:\WINDOWS\SYSTEM32\profapi.dll
0x00007ffee8600000 - 0x00007ffee860d000 	C:\Program Files\Java\jre1.8.0_261\bin\management.dll
0x00007ffebfa90000 - 0x00007ffebfaac000 	C:\Program Files\Java\jre1.8.0_261\bin\net.dll
0x00007fff01d50000 - 0x00007fff01dba000 	C:\WINDOWS\system32\mswsock.dll
0x00007ffebaf70000 - 0x00007ffebaf83000 	C:\Program Files\Java\jre1.8.0_261\bin\nio.dll
0x00007ffee1fa0000 - 0x00007ffee1fb7000 	C:\WINDOWS\system32\napinsp.dll
0x00007ffee1f80000 - 0x00007ffee1f9b000 	C:\WINDOWS\system32\pnrpnsp.dll
0x00007ffee1f60000 - 0x00007ffee1f75000 	C:\WINDOWS\system32\wshbth.dll
0x00007ffefad10000 - 0x00007ffefad2d000 	C:\WINDOWS\system32\NLAapi.dll
0x00007fff01a40000 - 0x00007fff01a7b000 	C:\WINDOWS\SYSTEM32\IPHLPAPI.DLL
0x00007fff01a80000 - 0x00007fff01b4b000 	C:\WINDOWS\SYSTEM32\DNSAPI.dll
0x00007fff03b10000 - 0x00007fff03b18000 	C:\WINDOWS\System32\NSI.dll
0x00007ffee1480000 - 0x00007ffee1492000 	C:\WINDOWS\System32\winrnr.dll
0x00007ffef89a0000 - 0x00007ffef89aa000 	C:\Windows\System32\rasadhlp.dll
0x00007ffef73e0000 - 0x00007ffef745f000 	C:\WINDOWS\System32\fwpuclnt.dll
0x00007fff02e40000 - 0x00007fff02e67000 	C:\WINDOWS\System32\bcrypt.dll
0x00007fff01f20000 - 0x00007fff01f38000 	C:\WINDOWS\SYSTEM32\CRYPTSP.dll
0x00007fff016e0000 - 0x00007fff01714000 	C:\WINDOWS\system32\rsaenh.dll
0x00007fff024e0000 - 0x00007fff0250e000 	C:\WINDOWS\SYSTEM32\USERENV.dll
0x00007fff02ed0000 - 0x00007fff02f4f000 	C:\WINDOWS\System32\bcryptprimitives.dll
0x00007fff01f40000 - 0x00007fff01f4c000 	C:\WINDOWS\SYSTEM32\CRYPTBASE.dll
0x00007ffef8a10000 - 0x00007ffef8a27000 	C:\WINDOWS\SYSTEM32\dhcpcsvc6.DLL
0x00007ffef8c40000 - 0x00007ffef8c5d000 	C:\WINDOWS\SYSTEM32\dhcpcsvc.DLL
0x0000000010000000 - 0x0000000010034000 	C:\Users\sivan\.m2\repository\javaxt\javaxt-core\1.7.8\javaxt-core64.dll
0x00007ffef83a0000 - 0x00007ffef83bd000 	C:\WINDOWS\SYSTEM32\MPR.dll
0x00007ffeef4f0000 - 0x00007ffeef508000 	C:\WINDOWS\SYSTEM32\NETAPI32.dll
0x00007fff01b50000 - 0x00007fff01b5c000 	C:\WINDOWS\SYSTEM32\NETUTILS.DLL
0x00007ffeedae0000 - 0x00007ffeedb08000 	C:\WINDOWS\SYSTEM32\SRVCLI.DLL
0x00007ffefd280000 - 0x00007ffefd464000 	C:\WINDOWS\SYSTEM32\dbghelp.dll

VM Arguments:
jvm_args: -Dcom.sun.management.jmxremote -Dcom.sun.management.jmxremote.port=62532 -Dcom.sun.management.jmxremote.authenticate=false -Dcom.sun.management.jmxremote.ssl=false -Djava.rmi.server.hostname=localhost -Dspring.jmx.enabled=true -Dspring.application.admin.enabled=true -Xverify:none -XX:TieredStopAtLevel=1 -Dspring.boot.project.name=springbatchuser -Dfile.encoding=UTF-8 
java_command: com.springbatchuser.SpringbatchuserApplication --spring.output.ansi.enabled=always
java_class_path (initial): C:\Users\sivan\Downloads\springbatch-main\springbatch-main\target\classes;C:\Users\sivan\.m2\repository\org\apache\commons\commons-dbcp2\2.7.0\commons-dbcp2-2.7.0.jar;C:\Users\sivan\.m2\repository\org\apache\commons\commons-pool2\2.8.1\commons-pool2-2.8.1.jar;C:\Users\sivan\.m2\repository\commons-fileupload\commons-fileupload\1.3.1\commons-fileupload-1.3.1.jar;C:\Users\sivan\.m2\repository\org\springframework\boot\spring-boot-starter-batch\2.3.4.RELEASE\spring-boot-starter-batch-2.3.4.RELEASE.jar;C:\Users\sivan\.m2\repository\org\springframework\boot\spring-boot-starter\2.3.4.RELEASE\spring-boot-starter-2.3.4.RELEASE.jar;C:\Users\sivan\.m2\repository\org\springframework\boot\spring-boot-starter-logging\2.3.4.RELEASE\spring-boot-starter-logging-2.3.4.RELEASE.jar;C:\Users\sivan\.m2\repository\ch\qos\logback\logback-classic\1.2.3\logback-classic-1.2.3.jar;C:\Users\sivan\.m2\repository\ch\qos\logback\logback-core\1.2.3\logback-core-1.2.3.jar;C:\Users\sivan\.m2\repository\org\apache\logging\log4j\log4j-to-slf4j\2.13.3\log4j-to-slf4j-2.13.3.jar;C:\Users\sivan\.m2\repository\org\apache\logging\log4j\log4j-api\2.13.3\log4j-api-2.13.3.jar;C:\Users\sivan\.m2\repository\org\slf4j\jul-to-slf4j\1.7.30\jul-to-slf4j-1.7.30.jar;C:\Users\sivan\.m2\repository\jakarta\annotation\jakarta.annotation-api\1.3.5\jakarta.annotation-api-1.3.5.jar;C:\Users\sivan\.m2\repository\org\yaml\snakeyaml\1.26\snakeyaml-1.26.jar;C:\Users\sivan\.m2\repository\org\springframework\boot\spring-boot-starter-jdbc\2.3.4.RELEASE\spring-boot-starter-jdbc-2.3.4.RELEASE.jar;C:\Users\sivan\.m2\repository\com\zaxxer\HikariCP\3.4.5\HikariCP-3.4.5.jar;C:\Users\sivan\.m2\repository\org\springframework\batch\spring-batch-core\4.2.4.RELEASE\spring-batch-core-4.2.4.RELEASE.jar;C:\Users\sivan\.m2\repository\com\fasterxml\jackson\core\jackson-databind\2.11.2\jackson-databind-2.11.2.jar;C:\Users\sivan\.m2\repository\com\fasterxml\jackson\core\jackson-annotations\2.11.2\jackson-annotations-2.11.2
Launcher Type: SUN_STANDARD

Environment Variables:
JAVA_HOME=C:\Program Files\Java\jdk1.8.0_261
PATH=C:/Program Files/Java/jre1.8.0_261/bin/server;C:/Program Files/Java/jre1.8.0_261/bin;C:/Program Files/Java/jre1.8.0_261/lib/amd64;C:\satya\product\11.2.0\dbhome_1\bin;D:\app\sivan\product\11.2.0\dbhome_2\bin;D:\app\sivan\product\11.2.0\dbhome_1\bin;C:\Program Files (x86)\Common Files\Oracle\Java\javapath;C:\WINDOWS\system32;C:\WINDOWS;C:\WINDOWS\System32\Wbem;C:\WINDOWS\System32\WindowsPowerShell\v1.0\;C:\WINDOWS\System32\OpenSSH\;C:\Program Files\Java\jdk1.8.0_261\bin;C:\Program Files\MySQL\MySQL Shell 8.0\bin\;C:\Users\sivan\AppData\Local\Microsoft\WindowsApps;;C:\Users\sivan\Downloads\sts-4.7.1.RELEASE;
USERNAME=sivan
OS=Windows_NT
PROCESSOR_IDENTIFIER=Intel64 Family 6 Model 142 Stepping 12, GenuineIntel



---------------  S Y S T E M  ---------------

OS: Windows 10.0 , 64 bit Build 19041 (10.0.19041.546)

CPU:total 8 (initial active 8) (4 cores per cpu, 2 threads per core) family 6 model 142 stepping 12, cmov, cx8, fxsr, mmx, sse, sse2, sse3, ssse3, sse4.1, sse4.2, popcnt, avx, avx2, aes, clmul, erms, 3dnowpref, lzcnt, ht, tsc, tscinvbit, bmi1, bmi2, adx

Memory: 4k page, physical 8215284k(2059340k free), swap 12409588k(2638456k free)

vm_info: Java HotSpot(TM) 64-Bit Server VM (25.261-b12) for windows-amd64 JRE (1.8.0_261-b12), built on Jun 18 2020 06:56:32 by "" with unknown MS VC++:1916

time: Mon Nov  9 20:23:51 2020
timezone: India Standard Time
elapsed time: 117 seconds (0d 0h 1m 57s)

